<?xml version="1.0" encoding="UTF-8"?>
<!-- Generated by org.testng.reporters.JUnitReportReporter -->
<testsuite hostname="Raga" failures="0" tests="2" name="com.orange.hrm.runners.Runner" time="78.676" errors="0" timestamp="2025-09-30T09:55:17 WIB" skipped="0">
  <testcase classname="com.orange.hrm.runners.Runner" name="runScenario" time="47.109"/>
  <testcase classname="com.orange.hrm.runners.Runner" name="runScenario" time="31.567"/>
</testsuite> <!-- com.orange.hrm.runners.Runner -->
