<?xml version="1.0" encoding="UTF-8"?>
<!-- Generated by org.testng.reporters.JUnitReportReporter -->
<testsuite hostname="Raga" failures="0" tests="1" name="com.orange.hrm.runners.Runner" time="81.056" errors="0" timestamp="2025-09-30T08:38:08 WIB" skipped="0">
  <testcase classname="com.orange.hrm.runners.Runner" name="runScenario" time="81.056"/>
</testsuite> <!-- com.orange.hrm.runners.Runner -->
